This is pdfTeX, Version 3.1415926-2.5-1.40.14 (MiKTeX 2.9) (preloaded format=pdflatex 2015.4.24)  20 SEP 2015 11:06
entering extended mode
**BA_Arbeit.tex
(C:\Users\Ines\Documents\GitHub\Bachelorarbeit\Ausarbeitung\BA_Arbeit.tex
LaTeX2e <2011/06/27>
Babel <v3.8m> and hyphenation patterns for english, afrikaans, ancientgreek, ar
abic, armenian, assamese, basque, bengali, bokmal, bulgarian, catalan, coptic, 
croatian, czech, danish, dutch, esperanto, estonian, farsi, finnish, french, ga
lician, german, german-x-2013-05-26, greek, gujarati, hindi, hungarian, iceland
ic, indonesian, interlingua, irish, italian, kannada, kurmanji, latin, latvian,
 lithuanian, malayalam, marathi, mongolian, mongolianlmc, monogreek, ngerman, n
german-x-2013-05-26, nynorsk, oriya, panjabi, pinyin, polish, portuguese, roman
ian, russian, sanskrit, serbian, slovak, slovenian, spanish, swedish, swissgerm
an, tamil, telugu, turkish, turkmen, ukenglish, ukrainian, uppersorbian, usengl
ishmax, welsh, loaded.
("D:\Program Files\MikTex\tex\latex\koma-script\scrreprt.cls"
Document Class: scrreprt 2015/02/07 v3.16 KOMA-Script document class (report)
("D:\Program Files\MikTex\tex\latex\koma-script\scrkbase.sty"
Package: scrkbase 2015/02/07 v3.16 KOMA-Script package (KOMA-Script-dependent b
asics and keyval usage)

("D:\Program Files\MikTex\tex\latex\koma-script\scrbase.sty"
Package: scrbase 2015/02/07 v3.16 KOMA-Script package (KOMA-Script-independent 
basics and keyval usage)

("D:\Program Files\MikTex\tex\latex\graphics\keyval.sty"
Package: keyval 1999/03/16 v1.13 key=value parser (DPC)
\KV@toks@=\toks14
)
("D:\Program Files\MikTex\tex\latex\koma-script\scrlfile.sty"
Package: scrlfile 2015/02/07 v3.16 KOMA-Script package (loading files)

Package scrlfile, 2015/02/07 v3.16 KOMA-Script package (loading files)
                  Copyright (C) Markus Kohm

))) ("D:\Program Files\MikTex\tex\latex\koma-script\tocbasic.sty"
Package: tocbasic 2015/02/07 v3.16 KOMA-Script package (handling toc-files)
)
Package tocbasic Info: omitting babel extension for `toc'
(tocbasic)             because of feature `nobabel' available
(tocbasic)             for `toc' on input line 118.
Package tocbasic Info: omitting babel extension for `lof'
(tocbasic)             because of feature `nobabel' available
(tocbasic)             for `lof' on input line 119.
Package tocbasic Info: omitting babel extension for `lot'
(tocbasic)             because of feature `nobabel' available
(tocbasic)             for `lot' on input line 120.
Package tocbasic Info: defining new hook before heading of `' on input line 118
0.
Class scrreprt Info: You've used standard option `oneside'.
(scrreprt)           This is correct!
(scrreprt)           Internally I'm using `twoside=false'.
(scrreprt)           If you'd like to set the option with \KOMAoptions,
(scrreprt)           you'd have to use `twoside=false' there
(scrreprt)           instead of `oneside', too.
Package scrreprt Info: You've used standard option `12pt'.
(scrreprt)             This is correct!
(scrreprt)             Internally I'm using `fontsize=12pt'.
(scrreprt)             If you'd like to set the option with \KOMAoptions,
(scrreprt)             you'd have to use `fontsize=12pt' there
(scrreprt)             instead of `12pt', too.

("D:\Program Files\MikTex\tex\latex\base\fleqn.clo"
File: fleqn.clo 1998/08/17 v1.1c Standard LaTeX option (flush left equations)
\mathindent=\dimen102
)
Class scrreprt Info: File `scrsize12pt.clo' used to setup font sizes on input l
ine 1712.

("D:\Program Files\MikTex\tex\latex\koma-script\scrsize12pt.clo"
File: scrsize12pt.clo 2015/02/07 v3.16 KOMA-Script font size class option (12pt
)
)
("D:\Program Files\MikTex\tex\latex\koma-script\typearea.sty"
Package: typearea 2015/02/07 v3.16 KOMA-Script package (type area)

Package typearea, 2015/02/07 v3.16 KOMA-Script package (type area)
                  Copyright (C) Frank Neukam, 1992-1994
                  Copyright (C) Markus Kohm, 1994-

\ta@bcor=\skip41
\ta@div=\count79
Package typearea Info: You've used standard option `a4paper'.
(typearea)             This is correct!
(typearea)             Internally I'm using `paper=a4'.
(typearea)             If you'd like to set the option with \KOMAoptions,
(typearea)             you'd have to use `paper=a4' there
(typearea)             instead of `a4paper', too.
Package typearea Info: You've used standard option `oneside'.
(typearea)             This is correct!
(typearea)             Internally I'm using `twoside=false'.
(typearea)             If you'd like to set the option with \KOMAoptions,
(typearea)             you'd have to use `twoside=false' there
(typearea)             instead of `oneside', too.
\ta@hblk=\skip42
\ta@vblk=\skip43
\ta@temp=\skip44
\footheight=\skip45
Package typearea Info: These are the values describing the layout:
(typearea)             DIV  = 12
(typearea)             BCOR = 0.0pt
(typearea)             \paperwidth      = 597.50793pt
(typearea)              \textwidth      = 448.13095pt
(typearea)              DIV departure   = -6%
(typearea)              \evensidemargin = 2.4185pt
(typearea)              \oddsidemargin  = 2.4185pt
(typearea)             \paperheight     = 845.04694pt
(typearea)              \textheight     = 635.5pt
(typearea)              \topmargin      = -41.72441pt
(typearea)              \headheight     = 18.125pt
(typearea)              \headsep        = 21.75pt
(typearea)              \topskip        = 12.0pt
(typearea)              \footskip       = 50.75pt
(typearea)              \baselineskip   = 14.5pt
(typearea)              on input line 1342.
)
\c@part=\count80
\c@chapter=\count81
\c@section=\count82
\c@subsection=\count83
\c@subsubsection=\count84
\c@paragraph=\count85
\c@subparagraph=\count86
\abovecaptionskip=\skip46
\belowcaptionskip=\skip47
\c@pti@nb@sid@b@x=\box26
\c@figure=\count87
\c@table=\count88
\bibindent=\dimen103
)
(C:\Users\Ines\Documents\GitHub\Bachelorarbeit\Ausarbeitung\styles/abschlussarb
eit.sty ("D:\Program Files\MikTex\tex\latex\base\inputenc.sty"
Package: inputenc 2008/03/30 v1.1d Input encoding file
\inpenc@prehook=\toks15
\inpenc@posthook=\toks16

("D:\Program Files\MikTex\tex\latex\base\latin1.def"
File: latin1.def 2008/03/30 v1.1d Input encoding file
))
("D:\Program Files\MikTex\tex\generic\babel\babel.sty"
Package: babel 2008/07/08 v3.8m The Babel package

*************************************
* Local config file bblopts.cfg used
*
("D:\Program Files\MikTex\tex\latex\00miktex\bblopts.cfg"
File: bblopts.cfg 2006/07/31 v1.0 MiKTeX 'babel' configuration
)
("D:\Program Files\MikTex\tex\generic\babel\ngermanb.ldf"
Language: ngermanb 2008/07/06 v2.6n new German support from the babel system

("D:\Program Files\MikTex\tex\generic\babel\babel.def"
File: babel.def 2008/07/08 v3.8m Babel common definitions
\babel@savecnt=\count89
\U@D=\dimen104
)
\l@naustrian = a dialect from \language\l@ngerman 
Package babel Info: Making " an active character on input line 92.
))
("D:\Program Files\MikTex\tex\latex\csquotes\csquotes.sty"
Package: csquotes 2015/04/15 v5.1e context-sensitive quotations (JAW)

("D:\Program Files\MikTex\tex\latex\etoolbox\etoolbox.sty"
Package: etoolbox 2015/03/19 v2.1d e-TeX tools for LaTeX (JAW)

("D:\Program Files\MikTex\tex\latex\misc\etex.sty"
Package: etex 1998/03/26 v2.0 eTeX basic definition package (PEB)
\et@xins=\count90
)
\etb@tempcnta=\count91
)
\csq@reset=\count92
\csq@gtype=\count93
\csq@glevel=\count94
\csq@qlevel=\count95
\csq@maxlvl=\count96
\csq@tshold=\count97
\csq@ltx@everypar=\toks17

("D:\Program Files\MikTex\tex\latex\csquotes\csquotes.def"
File: csquotes.def 2015/04/15 v5.1e csquotes generic definitions (JAW)
)
Package csquotes Info: Trying to load configuration file 'csquotes.cfg'...
Package csquotes Info: ... configuration file loaded successfully.

("D:\Program Files\MikTex\tex\latex\csquotes\csquotes.cfg"
File: csquotes.cfg 
)
Package csquotes Info: Enabling multilingual quotes.
Package csquotes Info: Redefining alias 'german' -> 'german/quotes'.
)
("D:\Program Files\MikTex\tex\latex\marvosym\marvosym.sty"
Package: marvosym 2011/07/20 v2.2 Martin Vogel's Symbols font definitions
)
("D:\Program Files\MikTex\tex\latex\psnfss\pifont.sty"
Package: pifont 2005/04/12 PSNFSS-v9.2a Pi font support (SPQR) 
LaTeX Font Info:    Try loading font information for U+pzd on input line 63.

("D:\Program Files\MikTex\tex\latex\psnfss\upzd.fd"
File: upzd.fd 2001/06/04 font definitions for U/pzd.
)
LaTeX Font Info:    Try loading font information for U+psy on input line 64.

("D:\Program Files\MikTex\tex\latex\psnfss\upsy.fd"
File: upsy.fd 2001/06/04 font definitions for U/psy.
))
("D:\Program Files\MikTex\tex\latex\setspace\setspace.sty"
Package: setspace 2011/12/19 v6.7a set line spacing
)
("D:\Program Files\MikTex\tex\latex\koma-script\scrhack.sty"
Package: scrhack 2015/02/07 v3.16 KOMA-Script package 
)
("D:\Program Files\MikTex\tex\latex\tools\array.sty"
Package: array 2008/09/09 v2.4c Tabular extension package (FMi)
\col@sep=\dimen105
\extrarowheight=\dimen106
\NC@list=\toks18
\extratabsurround=\skip48
\backup@length=\skip49
)
("D:\Program Files\MikTex\tex\latex\graphics\graphicx.sty"
Package: graphicx 1999/02/16 v1.0f Enhanced LaTeX Graphics (DPC,SPQR)

("D:\Program Files\MikTex\tex\latex\graphics\graphics.sty"
Package: graphics 2009/02/05 v1.0o Standard LaTeX Graphics (DPC,SPQR)

("D:\Program Files\MikTex\tex\latex\graphics\trig.sty"
Package: trig 1999/03/16 v1.09 sin cos tan (DPC)
)
("D:\Program Files\MikTex\tex\latex\00miktex\graphics.cfg"
File: graphics.cfg 2007/01/18 v1.5 graphics configuration of teTeX/TeXLive
)
Package graphics Info: Driver file: pdftex.def on input line 91.

("D:\Program Files\MikTex\tex\latex\pdftex-def\pdftex.def"
File: pdftex.def 2011/05/27 v0.06d Graphics/color for pdfTeX

("D:\Program Files\MikTex\tex\generic\oberdiek\infwarerr.sty"
Package: infwarerr 2010/04/08 v1.3 Providing info/warning/error messages (HO)
)
("D:\Program Files\MikTex\tex\generic\oberdiek\ltxcmds.sty"
Package: ltxcmds 2011/11/09 v1.22 LaTeX kernel commands for general use (HO)
)
\Gread@gobject=\count98
))
\Gin@req@height=\dimen107
\Gin@req@width=\dimen108
)
("D:\Program Files\MikTex\tex\latex\caption\caption.sty"
Package: caption 2013/05/02 v3.3-89 Customizing captions (AR)

("D:\Program Files\MikTex\tex\latex\caption\caption3.sty"
Package: caption3 2013/05/02 v1.6-88 caption3 kernel (AR)
Package caption3 Info: TeX engine: e-TeX on input line 57.
\captionmargin=\dimen109
\captionmargin@=\dimen110
\captionwidth=\dimen111
\caption@tempdima=\dimen112
\caption@indent=\dimen113
\caption@parindent=\dimen114
\caption@hangindent=\dimen115
)
Package caption Info: KOMA-Script document class.
\c@ContinuedFloat=\count99
)
("D:\Program Files\MikTex\tex\latex\subfig\subfig.sty"
Package: subfig 2005/06/28 ver: 1.3 subfig package
\c@KVtest=\count100
\sf@farskip=\skip50
\sf@captopadj=\dimen116
\sf@capskip=\skip51
\sf@nearskip=\skip52
\c@subfigure=\count101
\c@subfigure@save=\count102
\c@lofdepth=\count103
\c@subtable=\count104
\c@subtable@save=\count105
\c@lotdepth=\count106
\sf@top=\skip53
\sf@bottom=\skip54
)
("D:\Program Files\MikTex\tex\latex\amsmath\amsmath.sty"
Package: amsmath 2013/01/14 v2.14 AMS math features
\@mathmargin=\skip55

For additional information on amsmath, use the `?' option.
("D:\Program Files\MikTex\tex\latex\amsmath\amstext.sty"
Package: amstext 2000/06/29 v2.01

("D:\Program Files\MikTex\tex\latex\amsmath\amsgen.sty"
File: amsgen.sty 1999/11/30 v2.0
\@emptytoks=\toks19
\ex@=\dimen117
))
("D:\Program Files\MikTex\tex\latex\amsmath\amsbsy.sty"
Package: amsbsy 1999/11/29 v1.2d
\pmbraise@=\dimen118
)
("D:\Program Files\MikTex\tex\latex\amsmath\amsopn.sty"
Package: amsopn 1999/12/14 v2.01 operator names
)
\inf@bad=\count107
LaTeX Info: Redefining \frac on input line 210.
\uproot@=\count108
\leftroot@=\count109
LaTeX Info: Redefining \overline on input line 306.
\classnum@=\count110
\DOTSCASE@=\count111
LaTeX Info: Redefining \ldots on input line 378.
LaTeX Info: Redefining \dots on input line 381.
LaTeX Info: Redefining \cdots on input line 466.
\Mathstrutbox@=\box27
\strutbox@=\box28
\big@size=\dimen119
LaTeX Font Info:    Redeclaring font encoding OML on input line 566.
LaTeX Font Info:    Redeclaring font encoding OMS on input line 567.
\macc@depth=\count112
\c@MaxMatrixCols=\count113
\dotsspace@=\muskip10
\c@parentequation=\count114
\dspbrk@lvl=\count115
\tag@help=\toks20
\row@=\count116
\column@=\count117
\maxfields@=\count118
\andhelp@=\toks21
\eqnshift@=\dimen120
\alignsep@=\dimen121
\tagshift@=\dimen122
\tagwidth@=\dimen123
\totwidth@=\dimen124
\lineht@=\dimen125
\@envbody=\toks22
\multlinegap=\skip56
\multlinetaggap=\skip57
\mathdisplay@stack=\toks23
LaTeX Info: Redefining \[ on input line 2665.
LaTeX Info: Redefining \] on input line 2666.
)
("D:\Program Files\MikTex\tex\latex\amsfonts\amssymb.sty"
Package: amssymb 2013/01/14 v3.01 AMS font symbols

("D:\Program Files\MikTex\tex\latex\amsfonts\amsfonts.sty"
Package: amsfonts 2013/01/14 v3.01 Basic AMSFonts support
\symAMSa=\mathgroup4
\symAMSb=\mathgroup5
LaTeX Font Info:    Overwriting math alphabet `\mathfrak' in version `bold'
(Font)                  U/euf/m/n --> U/euf/b/n on input line 106.
))
("D:\Program Files\MikTex\tex\latex\dstroke\dsfont.sty"
Package: dsfont 1995/08/01 v0.1 Double stroke roman fonts
)
("D:\Program Files\MikTex\tex\latex\amscls\amsthm.sty"
Package: amsthm 2004/08/06 v2.20
\thm@style=\toks24
\thm@bodyfont=\toks25
\thm@headfont=\toks26
\thm@notefont=\toks27
\thm@headpunct=\toks28
\thm@preskip=\skip58
\thm@postskip=\skip59
\thm@headsep=\skip60
\dth@everypar=\toks29
)
("D:\Program Files\MikTex\tex\latex\wasysym\wasysym.sty"
Package: wasysym 2003/10/30 v2.0 Wasy-2 symbol support package
\symwasy=\mathgroup6
LaTeX Font Info:    Overwriting symbol font `wasy' in version `bold'
(Font)                  U/wasy/m/n --> U/wasy/b/n on input line 90.
)
("D:\Program Files\MikTex\tex\latex\graphics\color.sty"
Package: color 2005/11/14 v1.0j Standard LaTeX Color (DPC)

("D:\Program Files\MikTex\tex\latex\00miktex\color.cfg"
File: color.cfg 2007/01/18 v1.5 color configuration of teTeX/TeXLive
)
Package color Info: Driver file: pdftex.def on input line 130.
)
("D:\Program Files\MikTex\tex\latex\listings\listings.sty"
\lst@mode=\count119
\lst@gtempboxa=\box29
\lst@token=\toks30
\lst@length=\count120
\lst@currlwidth=\dimen126
\lst@column=\count121
\lst@pos=\count122
\lst@lostspace=\dimen127
\lst@width=\dimen128
\lst@newlines=\count123
\lst@lineno=\count124
\lst@maxwidth=\dimen129

("D:\Program Files\MikTex\tex\latex\listings\lstmisc.sty"
File: lstmisc.sty 2014/09/06 1.5e (Carsten Heinz)
\c@lstnumber=\count125
\lst@skipnumbers=\count126
\lst@framebox=\box30
)
("D:\Program Files\MikTex\tex\latex\listings\listings.cfg"
File: listings.cfg 2014/09/06 1.5e listings configuration
))
Package scrhack Info: loading listings hack on input line 69.

("D:\Program Files\MikTex\tex\latex\koma-script\listings.hak"
File: listings.hak 2015/02/07 v3.16 KOMA-Script package (hacking package listin
gs)
Package tocbasic Info: setting babel extension for `lol' on input line 137.
Package scrhack Info: redefining \lstlistoflistings on input line 137.
)
Package: listings 2014/09/06 1.5e (Carsten Heinz)

("D:\Program Files\MikTex\tex\latex\algorithm2e\algorithm2e.sty"
Package: algorithm2e 2013/01/06 v5.00 algorithms environments
\c@AlgoLine=\count127

("D:\Program Files\MikTex\tex\latex\base\ifthen.sty"
Package: ifthen 2001/05/26 v1.1c Standard LaTeX ifthen package (DPC)
)
("D:\Program Files\MikTex\tex\latex\tools\xspace.sty"
Package: xspace 2009/10/20 v1.13 Space after command names (DPC,MH)
)
("D:\Program Files\MikTex\tex\latex\ltxmisc\relsize.sty"
Package: relsize 2003/07/04 ver 3.1
)
********************************************************
Package `algorithm2e' Release 5.0 -- january 06 2013 --
- algorithm2e-announce@lirmm.fr mailing list for announcement about releases
- algorithm2e-discussion@lirmm.fr mailing list for discussion about package
subscribe by emailing sympa@lirmm.fr with 'subscribe <list> <firstname name>'
- Author: Christophe Fiorio (cfiorio@um2.fr)
********************************************************
\skiptotal=\skip61
\skiplinenumber=\skip62
\skiprule=\skip63
\skiphlne=\skip64
\skiptext=\skip65
\skiplength=\skip66
\algomargin=\skip67
\skipalgocfslide=\skip68
\algowidth=\dimen130
\inoutsize=\dimen131
\inoutindent=\dimen132
\interspacetitleruled=\dimen133
\interspacealgoruled=\dimen134
\interspacetitleboxruled=\dimen135
\algocf@inoutbox=\box31
\algocf@inputbox=\box32
\AlCapSkip=\skip69
\AlCapHSkip=\skip70
\algoskipindent=\skip71
\algocf@nlbox=\box33
\algocf@hangingbox=\box34
\algocf@untilbox=\box35
\algocf@skipuntil=\skip72
\algocf@capbox=\box36
\algoheightruledefault=\skip73
\algoheightrule=\skip74
\algotitleheightruledefault=\skip75
\algotitleheightrule=\skip76
\c@algocfline=\count128
\c@algocfproc=\count129
\c@algocf=\count130
\algocf@algoframe=\box37
\algocf@algobox=\box38
) ("D:\Program Files\MikTex\tex\latex\algorithmicx\algpseudocode.sty"
Package: algpseudocode 

("D:\Program Files\MikTex\tex\latex\algorithmicx\algorithmicx.sty"
Package: algorithmicx 2005/04/27 v1.2 Algorithmicx

Document Style algorithmicx 1.2 - a greatly improved `algorithmic' style
\c@ALG@line=\count131
\c@ALG@rem=\count132
\c@ALG@nested=\count133
\ALG@tlm=\skip77
\ALG@thistlm=\skip78
\c@ALG@Lnr=\count134
\c@ALG@blocknr=\count135
\c@ALG@storecount=\count136
\c@ALG@tmpcounter=\count137
\ALG@tmplength=\skip79
)
Document Style - pseudocode environments for use with the `algorithmicx' style
)

Class scrreprt Warning: Usage of package `parskip' together
(scrreprt)              with a KOMA-Script class is not recommended.
(scrreprt)              I'd suggest to use option
(scrreprt)              `parskip' with one of it's several values.
(scrreprt)              Nevertheless, using requested
(scrreprt)              package `parskip' on input line 76.

("D:\Program Files\MikTex\tex\latex\ltxmisc\parskip.sty"
Package: parskip 2001/04/09 non-zero parskip adjustments
)

Class scrreprt Warning: Usage of package `fancyhdr' together
(scrreprt)              with a KOMA-Script class is not recommended.
(scrreprt)              I'd suggest to use 
(scrreprt)              package `scrlayer-scrpage'.
(scrreprt)              Nevertheless, using requested
(scrreprt)              package `fancyhdr' on input line 79.

("D:\Program Files\MikTex\tex\latex\fancyhdr\fancyhdr.sty"
\fancy@headwidth=\skip80
\f@ncyO@elh=\skip81
\f@ncyO@erh=\skip82
\f@ncyO@olh=\skip83
\f@ncyO@orh=\skip84
\f@ncyO@elf=\skip85
\f@ncyO@erf=\skip86
\f@ncyO@olf=\skip87
\f@ncyO@orf=\skip88
)
("D:\Program Files\MikTex\tex\latex\natbib\natbib.sty"
Package: natbib 2010/09/13 8.31b (PWD, AO)
\bibhang=\skip89
\bibsep=\skip90
LaTeX Info: Redefining \cite on input line 694.
\c@NAT@ctr=\count138
)
("D:\Program Files\MikTex\tex\latex\hyperref\hyperref.sty"
Package: hyperref 2012/11/06 v6.83m Hypertext links for LaTeX

("D:\Program Files\MikTex\tex\generic\oberdiek\hobsub-hyperref.sty"
Package: hobsub-hyperref 2012/04/25 v1.12 Bundle oberdiek, subset hyperref (HO)


("D:\Program Files\MikTex\tex\generic\oberdiek\hobsub-generic.sty"
Package: hobsub-generic 2012/04/25 v1.12 Bundle oberdiek, subset generic (HO)
Package: hobsub 2012/04/25 v1.12 Construct package bundles (HO)
Package hobsub Info: Skipping package `infwarerr' (already loaded).
Package hobsub Info: Skipping package `ltxcmds' (already loaded).
Package: ifluatex 2010/03/01 v1.3 Provides the ifluatex switch (HO)
Package ifluatex Info: LuaTeX not detected.
Package: ifvtex 2010/03/01 v1.5 Detect VTeX and its facilities (HO)
Package ifvtex Info: VTeX not detected.
Package: intcalc 2007/09/27 v1.1 Expandable calculations with integers (HO)
Package: ifpdf 2011/01/30 v2.3 Provides the ifpdf switch (HO)
Package ifpdf Info: pdfTeX in PDF mode is detected.
Package: etexcmds 2011/02/16 v1.5 Avoid name clashes with e-TeX commands (HO)
Package etexcmds Info: Could not find \expanded.
(etexcmds)             That can mean that you are not using pdfTeX 1.50 or
(etexcmds)             that some package has redefined \expanded.
(etexcmds)             In the latter case, load this package earlier.
Package: kvsetkeys 2012/04/25 v1.16 Key value parser (HO)
Package: kvdefinekeys 2011/04/07 v1.3 Define keys (HO)
Package: pdftexcmds 2011/11/29 v0.20 Utility functions of pdfTeX for LuaTeX (HO
)
Package pdftexcmds Info: LuaTeX not detected.
Package pdftexcmds Info: \pdf@primitive is available.
Package pdftexcmds Info: \pdf@ifprimitive is available.
Package pdftexcmds Info: \pdfdraftmode found.
Package: pdfescape 2011/11/25 v1.13 Implements pdfTeX's escape features (HO)
Package: bigintcalc 2012/04/08 v1.3 Expandable calculations on big integers (HO
)
Package: bitset 2011/01/30 v1.1 Handle bit-vector datatype (HO)
Package: uniquecounter 2011/01/30 v1.2 Provide unlimited unique counter (HO)
)
Package hobsub Info: Skipping package `hobsub' (already loaded).
Package: letltxmacro 2010/09/02 v1.4 Let assignment for LaTeX macros (HO)
Package: hopatch 2011/06/24 v1.1 Wrapper for package hooks (HO)
Package: xcolor-patch 2011/01/30 xcolor patch
Package: atveryend 2011/06/30 v1.8 Hooks at the very end of document (HO)
Package: atbegshi 2011/10/05 v1.16 At begin shipout hook (HO)
Package: refcount 2011/10/16 v3.4 Data extraction from label references (HO)
Package: hycolor 2011/01/30 v1.7 Color options for hyperref/bookmark (HO)
)
("D:\Program Files\MikTex\tex\generic\ifxetex\ifxetex.sty"
Package: ifxetex 2010/09/12 v0.6 Provides ifxetex conditional
)
("D:\Program Files\MikTex\tex\latex\oberdiek\auxhook.sty"
Package: auxhook 2011/03/04 v1.3 Hooks for auxiliary files (HO)
)
("D:\Program Files\MikTex\tex\latex\oberdiek\kvoptions.sty"
Package: kvoptions 2011/06/30 v3.11 Key value format for package options (HO)
)
\@linkdim=\dimen136
\Hy@linkcounter=\count139
\Hy@pagecounter=\count140

("D:\Program Files\MikTex\tex\latex\hyperref\pd1enc.def"
File: pd1enc.def 2012/11/06 v6.83m Hyperref: PDFDocEncoding definition (HO)
)
\Hy@SavedSpaceFactor=\count141

("D:\Program Files\MikTex\tex\latex\00miktex\hyperref.cfg"
File: hyperref.cfg 2002/06/06 v1.2 hyperref configuration of TeXLive
)
Package hyperref Info: Option `bookmarks' set `true' on input line 4319.
Package hyperref Info: Option `raiselinks' set `true' on input line 4319.
Package hyperref Info: Option `pageanchor' set `true' on input line 4319.
Package hyperref Info: Option `colorlinks' set `true' on input line 4319.
Package hyperref Info: Hyper figures OFF on input line 4443.
Package hyperref Info: Link nesting OFF on input line 4448.
Package hyperref Info: Hyper index ON on input line 4451.
Package hyperref Info: Plain pages OFF on input line 4458.
Package hyperref Info: Backreferencing ON on input line 4461.
Package hyperref Info: Implicit mode ON; LaTeX internals redefined.
Package hyperref Info: Bookmarks ON on input line 4688.

("D:\Program Files\MikTex\tex\latex\hyperref\backref.sty"
Package: backref 2012/07/25 v1.38 Bibliographical back referencing

("D:\Program Files\MikTex\tex\latex\oberdiek\rerunfilecheck.sty"
Package: rerunfilecheck 2011/04/15 v1.7 Rerun checks for auxiliary files (HO)
Package uniquecounter Info: New unique counter `rerunfilecheck' on input line 2
82.
))
\c@Hy@tempcnt=\count142

("D:\Program Files\MikTex\tex\latex\url\url.sty"
\Urlmuskip=\muskip11
Package: url 2013/09/16  ver 3.4  Verb mode for urls, etc.
)
LaTeX Info: Redefining \url on input line 5041.
\XeTeXLinkMargin=\dimen137
\Fld@menulength=\count143
\Field@Width=\dimen138
\Fld@charsize=\dimen139
Package hyperref Info: Hyper figures OFF on input line 6295.
Package hyperref Info: Link nesting OFF on input line 6300.
Package hyperref Info: Hyper index ON on input line 6303.
Package hyperref Info: backreferencing ON on input line 6308.
Package hyperref Info: Link coloring ON on input line 6313.
Package hyperref Info: Link coloring with OCG OFF on input line 6320.
Package hyperref Info: PDF/A mode OFF on input line 6325.
LaTeX Info: Redefining \ref on input line 6365.
LaTeX Info: Redefining \pageref on input line 6369.
\Hy@abspage=\count144
\c@Item=\count145
\c@Hfootnote=\count146
)
Package scrhack Info: hyperref hack deactivated because of
(scrhack)             detection of hyperref version, that doesn't
(scrhack)             need that hack, on input line 112.


Package hyperref Message: Driver (autodetected): hpdftex.

("D:\Program Files\MikTex\tex\latex\hyperref\hpdftex.def"
File: hpdftex.def 2012/11/06 v6.83m Hyperref driver for pdfTeX
\Fld@listcount=\count147
\c@bookmark@seq@number=\count148
\Hy@SectionHShift=\skip91
)
("D:\Program Files\MikTex\tex\latex\geometry\geometry.sty"
Package: geometry 2010/09/12 v5.6 Page Geometry
\Gm@cnth=\count149
\Gm@cntv=\count150
\c@Gm@tempcnt=\count151
\Gm@bindingoffset=\dimen140
\Gm@wd@mp=\dimen141
\Gm@odd@mp=\dimen142
\Gm@even@mp=\dimen143
\Gm@layoutwidth=\dimen144
\Gm@layoutheight=\dimen145
\Gm@layouthoffset=\dimen146
\Gm@layoutvoffset=\dimen147
\Gm@dimlist=\toks31

("D:\Program Files\MikTex\tex\latex\geometry\geometry.cfg"))
\c@lem=\count152
\c@quest=\count153
\c@answ=\count154
\c@fallnummer=\count155
)
Package csquotes Info: Checking for multilingual support...
Package csquotes Info: ... found 'babel' package.

(C:\Users\Ines\Documents\GitHub\Bachelorarbeit\Ausarbeitung\BA_Arbeit.aux
(C:\Users\Ines\Documents\GitHub\Bachelorarbeit\Ausarbeitung\chapters/titelseite
.aux)
(C:\Users\Ines\Documents\GitHub\Bachelorarbeit\Ausarbeitung\chapters/einleitung
.aux)
(C:\Users\Ines\Documents\GitHub\Bachelorarbeit\Ausarbeitung\chapters/mathematis
che_grundlagen.aux)
(C:\Users\Ines\Documents\GitHub\Bachelorarbeit\Ausarbeitung\chapters/problemloe
sung.aux)
(C:\Users\Ines\Documents\GitHub\Bachelorarbeit\Ausarbeitung\chapters/fazit.aux)
)
LaTeX Font Info:    Checking defaults for OML/cmm/m/it on input line 44.
LaTeX Font Info:    ... okay on input line 44.
LaTeX Font Info:    Checking defaults for T1/cmr/m/n on input line 44.
LaTeX Font Info:    ... okay on input line 44.
LaTeX Font Info:    Checking defaults for OT1/cmr/m/n on input line 44.
LaTeX Font Info:    ... okay on input line 44.
LaTeX Font Info:    Checking defaults for OMS/cmsy/m/n on input line 44.
LaTeX Font Info:    ... okay on input line 44.
LaTeX Font Info:    Checking defaults for OMX/cmex/m/n on input line 44.
LaTeX Font Info:    ... okay on input line 44.
LaTeX Font Info:    Checking defaults for U/cmr/m/n on input line 44.
LaTeX Font Info:    ... okay on input line 44.
LaTeX Font Info:    Checking defaults for PD1/pdf/m/n on input line 44.
LaTeX Font Info:    ... okay on input line 44.
 ("D:\Program Files\MikTex\tex\context\base\supp-pdf.mkii"
[Loading MPS to PDF converter (version 2006.09.02).]
\scratchcounter=\count156
\scratchdimen=\dimen148
\scratchbox=\box39
\nofMPsegments=\count157
\nofMParguments=\count158
\everyMPshowfont=\toks32
\MPscratchCnt=\count159
\MPscratchDim=\dimen149
\MPnumerator=\count160
\makeMPintoPDFobject=\count161
\everyMPtoPDFconversion=\toks33
)
Package caption Info: Begin \AtBeginDocument code.
Package caption Info: subfig package v1.3 is loaded.
Package caption Info: hyperref package is loaded.
Package caption Info: listings package is loaded.
Package caption Info: End \AtBeginDocument code.
\c@lstlisting=\count162
Package scrhack Info: undefining \float@addtolists on input line 44.
\AtBeginShipoutBox=\box40
Package backref Info: ** backref set up for natbib ** on input line 44.
Package hyperref Info: Link coloring ON on input line 44.
 ("D:\Program Files\MikTex\tex\latex\hyperref\nameref.sty"
Package: nameref 2012/10/27 v2.43 Cross-referencing by name of section

("D:\Program Files\MikTex\tex\generic\oberdiek\gettitlestring.sty"
Package: gettitlestring 2010/12/03 v1.4 Cleanup title references (HO)
)
\c@section@level=\count163
)
LaTeX Info: Redefining \ref on input line 44.
LaTeX Info: Redefining \pageref on input line 44.
LaTeX Info: Redefining \nameref on input line 44.

(C:\Users\Ines\Documents\GitHub\Bachelorarbeit\Ausarbeitung\BA_Arbeit.out)
(C:\Users\Ines\Documents\GitHub\Bachelorarbeit\Ausarbeitung\BA_Arbeit.out)
\@outlinefile=\write3

*geometry* driver: auto-detecting
*geometry* detected driver: pdftex
*geometry* verbose mode - [ preamble ] result:
* driver: pdftex
* paper: a4paper
* layout: <same size as paper>
* layoutoffset:(h,v)=(0.0pt,0.0pt)
* modes: includehead includefoot 
* h-part:(L,W,R)=(85.35826pt, 441.01773pt, 71.13188pt)
* v-part:(T,H,B)=(42.67912pt, 759.6886pt, 42.67912pt)
* \paperwidth=597.50787pt
* \paperheight=845.04684pt
* \textwidth=441.01773pt
* \textheight=662.94934pt
* \oddsidemargin=13.08827pt
* \evensidemargin=13.08827pt
* \topmargin=-29.59087pt
* \headheight=19.91692pt
* \headsep=34.14322pt
* \topskip=12.0pt
* \footskip=42.67912pt
* \marginparwidth=49.79233pt
* \marginparsep=12.8401pt
* \columnsep=10.0pt
* \skip\footins=10.8pt plus 4.0pt minus 2.0pt
* \hoffset=0.0pt
* \voffset=0.0pt
* \mag=1000
* \@twocolumnfalse
* \@twosidefalse
* \@mparswitchfalse
* \@reversemarginfalse
* (1in=72.27pt=25.4mm, 1cm=28.453pt)


(C:\Users\Ines\Documents\GitHub\Bachelorarbeit\Ausarbeitung\chapters/titelseite
.tex <images/WWU_Logo1_1c.jpg, id=107, 951.5945pt x 204.96246pt>
File: images/WWU_Logo1_1c.jpg Graphic file (type jpg)

<use images/WWU_Logo1_1c.jpg>
Package pdftex.def Info: images/WWU_Logo1_1c.jpg used on input line 11.
(pdftex.def)             Requested size: 284.52756pt x 61.28279pt.
LaTeX Font Info:    Try loading font information for U+msa on input line 39.

("D:\Program Files\MikTex\tex\latex\amsfonts\umsa.fd"
File: umsa.fd 2013/01/14 v3.01 AMS symbols A
)
LaTeX Font Info:    Try loading font information for U+msb on input line 39.

("D:\Program Files\MikTex\tex\latex\amsfonts\umsb.fd"
File: umsb.fd 2013/01/14 v3.01 AMS symbols B
)
LaTeX Font Info:    Try loading font information for U+wasy on input line 39.

("D:\Program Files\MikTex\tex\latex\wasysym\uwasy.fd"
File: uwasy.fd 2003/10/30 v2.0 Wasy-2 symbol font definitions
)) [1


{C:/ProgramData/MiKTeX/2.9/pdftex/config/pdftex.map} <C:/Users/Ines/Documents/G
itHub/Bachelorarbeit/Ausarbeitung/images/WWU_Logo1_1c.jpg>]
(C:\Users\Ines\Documents\GitHub\Bachelorarbeit\Ausarbeitung\BA_Arbeit.toc)
\tf@toc=\write4

[1


]
(C:\Users\Ines\Documents\GitHub\Bachelorarbeit\Ausarbeitung\chapters/einleitung
.tex
Kapitel 1.
pdfTeX warning (ext4): destination with the same identifier (name{page.1}) has 
been already used, duplicate ignored
<to be read again> 
                   \relax 
l.48 
      [1


]) [2]
(C:\Users\Ines\Documents\GitHub\Bachelorarbeit\Ausarbeitung\chapters/mathematis
che_grundlagen.tex
Kapitel 2.

Package natbib Warning: Citation `hinze:op_pde_constraints' on page 3 undefined
 on input line 15.

[3



] [4]

Package natbib Warning: Citation `hinze:op_pde_constraints' on page 5 undefined
 on input line 101.

[5] [6] [7] <images/triang.png, id=228, 1085.55562pt x 746.79pt>
File: images/triang.png Graphic file (type png)

<use images/triang.png>
Package pdftex.def Info: images/triang.png used on input line 202.
(pdftex.def)             Requested size: 108.56192pt x 74.68336pt.

<images/referenzdreieck.png, id=230, 411.03563pt x 313.9228pt>
File: images/referenzdreieck.png Graphic file (type png)

<use images/referenzdreieck.png>
Package pdftex.def Info: images/referenzdreieck.png used on input line 209.
(pdftex.def)             Requested size: 102.75865pt x 78.4805pt.
 [8 <C:/Users/Ines/Documents/GitHub/Bachelorarbeit/Ausarbeitung/images/triang.p
ng> <C:/Users/Ines/Documents/GitHub/Bachelorarbeit/Ausarbeitung/images/referenz
dreieck.png>]
<images/dreieck_oben_unten_u0.png, id=239, 677.53125pt x 292.84406pt>
File: images/dreieck_oben_unten_u0.png Graphic file (type png)

<use images/dreieck_oben_unten_u0.png>
Package pdftex.def Info: images/dreieck_oben_unten_u0.png used on input line 24
4.
(pdftex.def)             Requested size: 169.38239pt x 73.21083pt.
 [9]

Package natbib Warning: Citation `hinze:op_pde_constraints' on page 10 undefine
d on input line 273.

[10 <C:/Users/Ines/Documents/GitHub/Bachelorarbeit/Ausarbeitung/images/dreieck_
oben_unten_u0.png>]
LaTeX Font Info:    Try loading font information for OMS+cmr on input line 306.

 ("D:\Program Files\MikTex\tex\latex\base\omscmr.fd"
File: omscmr.fd 1999/05/25 v2.5h Standard LaTeX font definitions
)
LaTeX Font Info:    Font shape `OMS/cmr/m/it' in size <12> not available
(Font)              Font shape `OMS/cmsy/m/n' tried instead on input line 306.

[11] [12]

Package natbib Warning: Citation `hinze:op_pde_constraints' on page 13 undefine
d on input line 366.


Overfull \hbox (0.76457pt too wide) in paragraph at lines 372--373
[][]\OT1/cmr/bx/n/12 Definition 2.4.4 \OT1/cmr/m/n/12 (Re-gu-la-rit[]atsannahme
)\OT1/cmr/bx/n/12 . []\OT1/cmr/m/it/12 Sei $\OML/cmm/m/it/12 M[] \OMS/cmsy/m/n/
12 2 \OML/cmm/m/it/12 L\OT1/cmr/m/n/12 (\OML/cmm/m/it/12 X; Y\OT1/cmr/m/n/12 )$
\OT1/cmr/m/it/12 , wo-bei X,Y Ba-nachr[]aume
 []

[13] [14]

Package natbib Warning: Citation `hinze:op_pde_constraints' on page 15 undefine
d on input line 443.


Package natbib Warning: Citation `hinze:op_pde_constraints' on page 15 undefine
d on input line 459.


Overfull \hbox (10.04002pt too wide) in paragraph at lines 476--478
[]\OT1/cmr/m/n/12 Damit die-se kon-ver-giert, muss die Ap-pro-xi-ma-ti-ons-an-n
ah-me und die Re-gu-la-rit[]atsannahme
 []

[15]) [16]
(C:\Users\Ines\Documents\GitHub\Bachelorarbeit\Ausarbeitung\chapters/problemloe
sung.tex
Kapitel 3.
[17



] [18]

! Package amsmath Error: Multiple \label's: label 'eq:problem_von_v' will be lo
st.

See the amsmath package documentation for explanation.
Type  H <return>  for immediate help.
 ...                                              
                                                  
l.61 \end{align}
                
Your command was ignored.
Type  I <command> <return>  to replace it with another command,
or  <return>  to continue without it.


Overfull \hbox (25.7838pt too wide) in paragraph at lines 107--107
[] 
 []

[19] [20] [21] [22]
<images/triang_inner.png, id=363, 441.14813pt x 308.65312pt>
File: images/triang_inner.png Graphic file (type png)

<use images/triang_inner.png>
Package pdftex.def Info: images/triang_inner.png used on input line 231.
(pdftex.def)             Requested size: 110.28676pt x 77.16309pt.
 [23 <C:/Users/Ines/Documents/GitHub/Bachelorarbeit/Ausarbeitung/images/triang_
inner.png>]
Overfull \hbox (13.26733pt too wide) in paragraph at lines 273--274
[] []\OT1/cmss/bx/n/12 Zusammenfassung[] \OT1/cmr/m/n/12 Mit die-sen Wer-ten k[
]onnen wir nun die Ma-trix $[][]$
 []

<images/matrix.png, id=373, 395.97937pt x 395.97937pt>
File: images/matrix.png Graphic file (type png)
 <use images/matrix.png>
Package pdftex.def Info: images/matrix.png used on input line 277.
(pdftex.def)             Requested size: 98.9946pt x 98.9946pt.

[24] [25 <C:/Users/Ines/Documents/GitHub/Bachelorarbeit/Ausarbeitung/images/mat
rix.png>] [26]
Overfull \hbox (9.55705pt too wide) in paragraph at lines 341--341
[] 
 []


Overfull \hbox (25.9016pt too wide) in paragraph at lines 375--375
[] 
 []

[27] [28] [29]
Overfull \hbox (16.59837pt too wide) in paragraph at lines 492--492
[] 
 []

[30] [31]
Overfull \hbox (15.18996pt too wide) in paragraph at lines 583--583
[] 
 []

[32] [33] [34]
Underfull \hbox (badness 10000) in paragraph at lines 677--678

 []

[35] [36] [37] [38] <images/formel.png, id=477, 2634.84375pt x 442.65375pt>
File: images/formel.png Graphic file (type png)

<use images/formel.png>
Package pdftex.def Info: images/formel.png used on input line 806.
(pdftex.def)             Requested size: 395.20952pt x 66.39519pt.

Overfull \hbox (17.47768pt too wide) in paragraph at lines 811--812
[]\OT1/cmr/m/n/12 wobei bei $\OML/cmm/m/it/12 A$ \OT1/cmr/m/n/12 auf der Haupt-
dia-go-na-len $[] []$, auf der Ne-ben-dia-go-na-len $[] []$
 []

[39 <C:/Users/Ines/Documents/GitHub/Bachelorarbeit/Ausarbeitung/images/formel.p
ng>] [40] [41] [42] [43]
! Missing { inserted.
<to be read again> 
                   \unskip 
l.983 	}
        
A left brace was mandatory here, so I've put one in.
You might want to delete and/or insert some corrections
so that I will find a matching right brace soon.
(If you're confused by all this, try typing `I}' now.)

! Missing } inserted.
<inserted text> 
                }
l.983 	}
        
I've inserted something that you may have forgotten.
(See the <inserted text> above.)
With luck, this will get me unwedged. But if you
really didn't forget anything, try typing `2' now; then
my insertion and my current dilemma will both disappear.

) [44]
(C:\Users\Ines\Documents\GitHub\Bachelorarbeit\Ausarbeitung\chapters/fazit.tex
Kapitel 4.
LaTeX Font Info:    Font shape `OMS/cmr/m/n' in size <12> not available
(Font)              Font shape `OMS/cmsy/m/n' tried instead on input line 13.
) [45



]
(C:\Users\Ines\Documents\GitHub\Bachelorarbeit\Ausarbeitung\BA_Arbeit.bbl
(C:\Users\Ines\Documents\GitHub\Bachelorarbeit\Ausarbeitung\BA_Arbeit.brf)
\tf@brf=\write5
)
(C:\Users\Ines\Documents\GitHub\Bachelorarbeit\Ausarbeitung\BA_Arbeit.brf)
[46


]

Package natbib Warning: There were undefined citations.

Package atveryend Info: Empty hook `BeforeClearDocument' on input line 106.
[47

]
Package atveryend Info: Empty hook `AfterLastShipout' on input line 106.
 (C:\Users\Ines\Documents\GitHub\Bachelorarbeit\Ausarbeitung\BA_Arbeit.aux
(C:\Users\Ines\Documents\GitHub\Bachelorarbeit\Ausarbeitung\chapters/titelseite
.aux)
(C:\Users\Ines\Documents\GitHub\Bachelorarbeit\Ausarbeitung\chapters/einleitung
.aux)
(C:\Users\Ines\Documents\GitHub\Bachelorarbeit\Ausarbeitung\chapters/mathematis
che_grundlagen.aux)
(C:\Users\Ines\Documents\GitHub\Bachelorarbeit\Ausarbeitung\chapters/problemloe
sung.aux)
(C:\Users\Ines\Documents\GitHub\Bachelorarbeit\Ausarbeitung\chapters/fazit.aux)
)
Package atveryend Info: Executing hook `AtVeryEndDocument' on input line 106.
Package atveryend Info: Executing hook `AtEndAfterFileList' on input line 106.
Package rerunfilecheck Info: File `BA_Arbeit.out' has not changed.
(rerunfilecheck)             Checksum: 359823A200B95C7C7E0233CA3335D7C6;1945.
Package rerunfilecheck Info: File `BA_Arbeit.brf' has not changed.
(rerunfilecheck)             Checksum: D41D8CD98F00B204E9800998ECF8427E;0.
 ) 
Here is how much of TeX's memory you used:
 15314 strings out of 493921
 229797 string characters out of 3148889
 413481 words of memory out of 3000000
 18147 multiletter control sequences out of 15000+200000
 14899 words of font info for 54 fonts, out of 3000000 for 9000
 841 hyphenation exceptions out of 8191
 49i,20n,80p,930b,554s stack positions out of 5000i,500n,10000p,200000b,50000s
<D:/Program Files/MikTex/fonts/type1/public/amsfonts/cm/cmbx12.pfb><D:/Progra
m Files/MikTex/fonts/type1/public/amsfonts/cm/cmcsc10.pfb><D:/Program Files/Mik
Tex/fonts/type1/public/amsfonts/cm/cmex10.pfb><D:/Program Files/MikTex/fonts/ty
pe1/public/amsfonts/cm/cmmi12.pfb><D:/Program Files/MikTex/fonts/type1/public/a
msfonts/cm/cmmi6.pfb><D:/Program Files/MikTex/fonts/type1/public/amsfonts/cm/cm
mi8.pfb><D:/Program Files/MikTex/fonts/type1/public/amsfonts/cm/cmr12.pfb><D:/P
rogram Files/MikTex/fonts/type1/public/amsfonts/cm/cmr6.pfb><D:/Program Files/M
ikTex/fonts/type1/public/amsfonts/cm/cmr8.pfb><D:/Program Files/MikTex/fonts/ty
pe1/public/amsfonts/cm/cmss10.pfb><D:/Program Files/MikTex/fonts/type1/public/a
msfonts/cm/cmssbx10.pfb><D:/Program Files/MikTex/fonts/type1/public/amsfonts/cm
/cmsy10.pfb><D:/Program Files/MikTex/fonts/type1/public/amsfonts/cm/cmsy6.pfb><
D:/Program Files/MikTex/fonts/type1/public/amsfonts/cm/cmsy8.pfb><D:/Program Fi
les/MikTex/fonts/type1/public/amsfonts/cm/cmti12.pfb><D:/Program Files/MikTex/f
onts/type1/public/amsfonts/symbols/msam10.pfb><D:/Program Files/MikTex/fonts/ty
pe1/public/amsfonts/symbols/msbm10.pfb>
Output written on BA_Arbeit.pdf (49 pages, 840371 bytes).
PDF statistics:
 623 PDF objects out of 1000 (max. 8388607)
 185 named destinations out of 1000 (max. 500000)
 244 words of extra memory for PDF output out of 10000 (max. 10000000)

